<?xml version="1.0" encoding="UTF-8"?>
<!-- Generated by org.testng.reporters.JUnitXMLReporter -->
<testsuite hostname="DESKTOP-K2BIR38" ignored="0" name="Command line test" tests="1" failures="1" timestamp="24 Feb 2018 16:31:57 GMT" time="14.491" errors="0">
  <testcase name="endToEnd" time="14.428" classname="com.agile.testng.SmokeTest">
    <failure type="java.lang.AssertionError" message="expected [Validation errors occurred. Please confirm the fields and submit it again.] but found [Please fill in the required field.]">
      <![CDATA[java.lang.AssertionError: expected [Validation errors occurred. Please confirm the fields and submit it again.] but found [Please fill in the required field.]
	at com.agile.pages.ContactPage.errorAlert(ContactPage.java:58)
	at com.agile.testng.SmokeTest.endToEnd(SmokeTest.java:30)
... Removed 40 stack frames]]>
    </failure>
  </testcase> <!-- endToEnd -->
</testsuite> <!-- Command line test -->
