-------------------------------------------------------------------------------
Test set: com.agile.testng.SmokeTest
-------------------------------------------------------------------------------
Tests run: 2, Failures: 1, Errors: 0, Skipped: 0, Time elapsed: 24.386 s <<< FAILURE! - in com.agile.testng.SmokeTest
negativeTest(com.agile.testng.SmokeTest)  Time elapsed: 12.292 s  <<< FAILURE!
java.lang.AssertionError: expected [Validation errors occurred. Please confirm the fields and submit it again.] but found [Please fill in the required field.]
	at com.agile.testng.SmokeTest.negativeTest(SmokeTest.java:21)

