-------------------------------------------------------------------------------
Test set: TestSuite
-------------------------------------------------------------------------------
Tests run: 2, Failures: 1, Errors: 0, Skipped: 0, Time elapsed: 27.324 s <<< FAILURE! - in TestSuite
negativeTest(com.agile.testng.SmokeTest)  Time elapsed: 13.929 s  <<< FAILURE!
java.lang.AssertionError: expected [Validation errors occurred. Please confirm the fields and submit it again.] but found [Please fill in the required field.]
	at com.agile.testng.SmokeTest.negativeTest(SmokeTest.java:21)

